<?xml version="1.0" encoding="UTF-8"?>
<!-- Generated by org.testng.reporters.JUnitXMLReporter -->
<testsuite ignored="1" hostname="Dikshas-MacBook-Air.local" failures="0" tests="1" name="Default test" time="8.692" errors="0" timestamp="2026-04-14T15:34:43 IST">
  <testcase classname="dikshasinha.tests.SubmitOrderTest" name="loginAndaddtoCart" time="6.966"/>
  <testcase classname="dikshasinha.tests.SubmitOrderTest" name="orderHistoryTest" time="0.0">
    <ignored/>
  </testcase> <!-- orderHistoryTest -->
</testsuite> <!-- Default test -->
