<?xml version="1.0" encoding="UTF-8"?>
<!-- Generated by org.testng.reporters.JUnitXMLReporter -->
<testsuite ignored="0" hostname="Dikshas-MacBook-Air.local" failures="1" tests="3" name="Error validations Test" time="11.32" errors="0" timestamp="2026-04-15T22:12:23 IST">
  <testcase classname="dikshasinha.tests.ErrorValidationTest" name="loginErrorValidation" time="0.787"/>
  <testcase classname="dikshasinha.tests.ErrorValidationTest" name="productErrorValidation" time="2.461">
    <skipped/>
  </testcase> <!-- productErrorValidation -->
  <testcase classname="dikshasinha.tests.ErrorValidationTest" name="productErrorValidation" time="3.289">
    <failure type="java.lang.AssertionError" message="expected [false] but found [true]">
      <![CDATA[java.lang.AssertionError: expected [false] but found [true]
at dikshasinha.tests.ErrorValidationTest.productErrorValidation(ErrorValidationTest.java:30)
at java.base/java.util.ArrayList.forEach(ArrayList.java:1604)
... Removed 29 stack frames]]>
    </failure>
  </testcase> <!-- productErrorValidation -->
</testsuite> <!-- Error validations Test -->
