<?xml version="1.0" encoding="UTF-8"?>
<!-- Generated by org.testng.reporters.JUnitXMLReporter -->
<testsuite ignored="0" hostname="Dikshas-MacBook-Air.local" failures="0" tests="3" name="Submit Order" time="19.56" errors="0" timestamp="2026-04-15T22:12:12 IST">
  <testcase classname="dikshasinha.tests.SubmitOrderTest" name="loginAndaddtoCart" time="7.017"/>
  <testcase classname="dikshasinha.tests.SubmitOrderTest" name="loginAndaddtoCart" time="6.854"/>
  <testcase classname="dikshasinha.tests.SubmitOrderTest" name="orderHistoryTest" time="0.596"/>
</testsuite> <!-- Submit Order -->
