<?xml version="1.0" encoding="UTF-8"?>
<!-- Generated by org.testng.reporters.JUnitXMLReporter -->
<testsuite ignored="0" hostname="Dikshas-MacBook-Air.local" failures="0" tests="3" name="Submit Order" time="35.425" errors="0" timestamp="2026-04-16T21:56:45 IST">
  <testcase classname="dikshasinha.tests.SubmitOrderTest" name="loginAndaddtoCart" time="6.968"/>
  <testcase classname="dikshasinha.tests.SubmitOrderTest" name="loginAndaddtoCart" time="6.91"/>
  <testcase classname="dikshasinha.tests.SubmitOrderTest" name="orderHistoryTest" time="0.666"/>
</testsuite> <!-- Submit Order -->
