<?xml version="1.0" encoding="UTF-8"?>
<testng-results retried="1" ignored="0" total="6" passed="4" failed="1" skipped="0">
  <reporter-output>
  </reporter-output>
  <suite started-at="2026-04-15T22:11:52 IST" name="Suite" finished-at="2026-04-15T22:12:23 IST" duration-ms="30999">
    <groups>
      <group name="errorHandling">
        <method signature="ErrorValidationTest.loginErrorValidation()[pri:0, instance:dikshasinha.tests.ErrorValidationTest@5b38c1ec]" name="loginErrorValidation" class="dikshasinha.tests.ErrorValidationTest"/>
        <method signature="ErrorValidationTest.productErrorValidation()[pri:0, instance:dikshasinha.tests.ErrorValidationTest@5b38c1ec]" name="productErrorValidation" class="dikshasinha.tests.ErrorValidationTest"/>
      </group> <!-- errorHandling -->
    </groups>
    <test started-at="2026-04-15T22:11:52 IST" name="Submit Order" finished-at="2026-04-15T22:12:11 IST" duration-ms="19560">
      <class name="dikshasinha.tests.SubmitOrderTest">
        <test-method is-config="true" signature="launchApplication()[pri:0, instance:dikshasinha.tests.SubmitOrderTest@d737b89]" started-at="2026-04-15T22:11:52 IST" name="launchApplication" finished-at="2026-04-15T22:11:54 IST" duration-ms="1587" status="PASS">
          <reporter-output>
          </reporter-output>
        </test-method> <!-- launchApplication -->
        <test-method signature="loginAndaddtoCart(java.util.HashMap)[pri:0, instance:dikshasinha.tests.SubmitOrderTest@d737b89]" started-at="2026-04-15T22:11:54 IST" name="loginAndaddtoCart" data-provider="jsonToHashMapMethod" finished-at="2026-04-15T22:12:01 IST" duration-ms="7017" status="PASS">
          <params>
            <param index="0">
              <value>
                <![CDATA[{prod2=ZARA COAT 3, prod1=ADIDAS ORIGINAL}]]>
              </value>
            </param>
          </params>
          <reporter-output>
          </reporter-output>
        </test-method> <!-- loginAndaddtoCart -->
        <test-method is-config="true" signature="tearDown()[pri:0, instance:dikshasinha.tests.SubmitOrderTest@d737b89]" started-at="2026-04-15T22:12:01 IST" name="tearDown" finished-at="2026-04-15T22:12:01 IST" duration-ms="69" status="PASS">
          <reporter-output>
          </reporter-output>
        </test-method> <!-- tearDown -->
        <test-method is-config="true" signature="launchApplication()[pri:0, instance:dikshasinha.tests.SubmitOrderTest@d737b89]" started-at="2026-04-15T22:12:01 IST" name="launchApplication" finished-at="2026-04-15T22:12:02 IST" duration-ms="1641" status="PASS">
          <reporter-output>
          </reporter-output>
        </test-method> <!-- launchApplication -->
        <test-method signature="loginAndaddtoCart(java.util.HashMap)[pri:0, instance:dikshasinha.tests.SubmitOrderTest@d737b89]" started-at="2026-04-15T22:12:02 IST" name="loginAndaddtoCart" data-provider="jsonToHashMapMethod" finished-at="2026-04-15T22:12:09 IST" duration-ms="6854" status="PASS">
          <params>
            <param index="0">
              <value>
                <![CDATA[{prod2=ZARA COAT 3, prod1=ADIDAS ORIGINAL}]]>
              </value>
            </param>
          </params>
          <reporter-output>
          </reporter-output>
        </test-method> <!-- loginAndaddtoCart -->
        <test-method is-config="true" signature="tearDown()[pri:0, instance:dikshasinha.tests.SubmitOrderTest@d737b89]" started-at="2026-04-15T22:12:09 IST" name="tearDown" finished-at="2026-04-15T22:12:09 IST" duration-ms="72" status="PASS">
          <reporter-output>
          </reporter-output>
        </test-method> <!-- tearDown -->
        <test-method is-config="true" signature="launchApplication()[pri:0, instance:dikshasinha.tests.SubmitOrderTest@d737b89]" started-at="2026-04-15T22:12:09 IST" name="launchApplication" finished-at="2026-04-15T22:12:11 IST" duration-ms="1562" status="PASS">
          <reporter-output>
          </reporter-output>
        </test-method> <!-- launchApplication -->
        <test-method signature="orderHistoryTest()[pri:0, instance:dikshasinha.tests.SubmitOrderTest@d737b89]" started-at="2026-04-15T22:12:11 IST" name="orderHistoryTest" finished-at="2026-04-15T22:12:11 IST" depends-on-methods="dikshasinha.tests.SubmitOrderTest.loginAndaddtoCart" duration-ms="596" status="PASS">
          <reporter-output>
          </reporter-output>
        </test-method> <!-- orderHistoryTest -->
        <test-method is-config="true" signature="tearDown()[pri:0, instance:dikshasinha.tests.SubmitOrderTest@d737b89]" started-at="2026-04-15T22:12:11 IST" name="tearDown" finished-at="2026-04-15T22:12:11 IST" duration-ms="72" status="PASS">
          <reporter-output>
          </reporter-output>
        </test-method> <!-- tearDown -->
      </class> <!-- dikshasinha.tests.SubmitOrderTest -->
    </test> <!-- Submit Order -->
    <test started-at="2026-04-15T22:12:12 IST" name="Error validations Test" finished-at="2026-04-15T22:12:23 IST" duration-ms="11320">
      <class name="dikshasinha.tests.ErrorValidationTest">
        <test-method is-config="true" signature="launchApplication()[pri:0, instance:dikshasinha.tests.ErrorValidationTest@5b38c1ec]" started-at="2026-04-15T22:12:12 IST" name="launchApplication" finished-at="2026-04-15T22:12:13 IST" duration-ms="1558" status="PASS">
          <reporter-output>
          </reporter-output>
        </test-method> <!-- launchApplication -->
        <test-method signature="loginErrorValidation()[pri:0, instance:dikshasinha.tests.ErrorValidationTest@5b38c1ec]" started-at="2026-04-15T22:12:13 IST" name="loginErrorValidation" finished-at="2026-04-15T22:12:14 IST" duration-ms="787" status="PASS">
          <reporter-output>
          </reporter-output>
        </test-method> <!-- loginErrorValidation -->
        <test-method is-config="true" signature="tearDown()[pri:0, instance:dikshasinha.tests.ErrorValidationTest@5b38c1ec]" started-at="2026-04-15T22:12:14 IST" name="tearDown" finished-at="2026-04-15T22:12:14 IST" duration-ms="72" status="PASS">
          <reporter-output>
          </reporter-output>
        </test-method> <!-- tearDown -->
        <test-method is-config="true" signature="launchApplication()[pri:0, instance:dikshasinha.tests.ErrorValidationTest@5b38c1ec]" started-at="2026-04-15T22:12:14 IST" name="launchApplication" finished-at="2026-04-15T22:12:15 IST" duration-ms="1280" status="PASS">
          <reporter-output>
          </reporter-output>
        </test-method> <!-- launchApplication -->
        <test-method retried="true" signature="productErrorValidation()[pri:0, instance:dikshasinha.tests.ErrorValidationTest@5b38c1ec]" started-at="2026-04-15T22:12:15 IST" name="productErrorValidation" finished-at="2026-04-15T22:12:18 IST" duration-ms="2461" status="SKIP">
          <exception class="java.lang.AssertionError">
            <message>
              <![CDATA[expected [false] but found [true]]]>
            </message>
            <full-stacktrace>
              <![CDATA[java.lang.AssertionError: expected [false] but found [true]
at org.testng.Assert.fail(Assert.java:111)
at org.testng.Assert.failNotEquals(Assert.java:1590)
at org.testng.Assert.assertFalse(Assert.java:79)
at org.testng.Assert.assertFalse(Assert.java:89)
at dikshasinha.tests.ErrorValidationTest.productErrorValidation(ErrorValidationTest.java:30)
at java.base/jdk.internal.reflect.DirectMethodHandleAccessor.invoke(DirectMethodHandleAccessor.java:104)
at java.base/java.lang.reflect.Method.invoke(Method.java:565)
at org.testng.internal.invokers.MethodInvocationHelper.invokeMethod(MethodInvocationHelper.java:141)
at org.testng.internal.invokers.TestInvoker.invokeMethod(TestInvoker.java:687)
at org.testng.internal.invokers.TestInvoker.invokeTestMethod(TestInvoker.java:230)
at org.testng.internal.invokers.MethodRunner.runInSequence(MethodRunner.java:63)
at org.testng.internal.invokers.TestInvoker$MethodInvocationAgent.invoke(TestInvoker.java:995)
at org.testng.internal.invokers.TestInvoker.invokeTestMethods(TestInvoker.java:203)
at org.testng.internal.invokers.TestMethodWorker.invokeTestMethods(TestMethodWorker.java:154)
at org.testng.internal.invokers.TestMethodWorker.run(TestMethodWorker.java:134)
at java.base/java.util.ArrayList.forEach(ArrayList.java:1604)
at org.testng.TestRunner.privateRun(TestRunner.java:741)
at org.testng.TestRunner.run(TestRunner.java:616)
at org.testng.SuiteRunner.runTest(SuiteRunner.java:421)
at org.testng.SuiteRunner.runSequentially(SuiteRunner.java:413)
at org.testng.SuiteRunner.privateRun(SuiteRunner.java:373)
at org.testng.SuiteRunner.run(SuiteRunner.java:312)
at org.testng.SuiteRunnerWorker.runSuite(SuiteRunnerWorker.java:52)
at org.testng.SuiteRunnerWorker.run(SuiteRunnerWorker.java:95)
at org.testng.TestNG.runSuitesSequentially(TestNG.java:1274)
at org.testng.TestNG.runSuitesLocally(TestNG.java:1208)
at org.testng.TestNG.runSuites(TestNG.java:1112)
at org.testng.TestNG.run(TestNG.java:1079)
at org.testng.remote.AbstractRemoteTestNG.run(AbstractRemoteTestNG.java:115)
at org.testng.remote.RemoteTestNG.initAndRun(RemoteTestNG.java:293)
at org.testng.remote.RemoteTestNG.main(RemoteTestNG.java:91)
]]>
            </full-stacktrace>
          </exception> <!-- java.lang.AssertionError -->
          <reporter-output>
          </reporter-output>
        </test-method> <!-- productErrorValidation -->
        <test-method is-config="true" signature="tearDown()[pri:0, instance:dikshasinha.tests.ErrorValidationTest@5b38c1ec]" started-at="2026-04-15T22:12:18 IST" name="tearDown" finished-at="2026-04-15T22:12:18 IST" duration-ms="66" status="PASS">
          <reporter-output>
          </reporter-output>
        </test-method> <!-- tearDown -->
        <test-method is-config="true" signature="launchApplication()[pri:0, instance:dikshasinha.tests.ErrorValidationTest@5b38c1ec]" started-at="2026-04-15T22:12:18 IST" name="launchApplication" finished-at="2026-04-15T22:12:19 IST" duration-ms="1569" status="PASS">
          <reporter-output>
          </reporter-output>
        </test-method> <!-- launchApplication -->
        <test-method signature="productErrorValidation()[pri:0, instance:dikshasinha.tests.ErrorValidationTest@5b38c1ec]" started-at="2026-04-15T22:12:19 IST" name="productErrorValidation" finished-at="2026-04-15T22:12:23 IST" duration-ms="3289" status="FAIL">
          <exception class="java.lang.AssertionError">
            <message>
              <![CDATA[expected [false] but found [true]]]>
            </message>
            <full-stacktrace>
              <![CDATA[java.lang.AssertionError: expected [false] but found [true]
at org.testng.Assert.fail(Assert.java:111)
at org.testng.Assert.failNotEquals(Assert.java:1590)
at org.testng.Assert.assertFalse(Assert.java:79)
at org.testng.Assert.assertFalse(Assert.java:89)
at dikshasinha.tests.ErrorValidationTest.productErrorValidation(ErrorValidationTest.java:30)
at java.base/jdk.internal.reflect.DirectMethodHandleAccessor.invoke(DirectMethodHandleAccessor.java:104)
at java.base/java.lang.reflect.Method.invoke(Method.java:565)
at org.testng.internal.invokers.MethodInvocationHelper.invokeMethod(MethodInvocationHelper.java:141)
at org.testng.internal.invokers.TestInvoker.invokeMethod(TestInvoker.java:687)
at org.testng.internal.invokers.TestInvoker.retryFailed(TestInvoker.java:269)
at org.testng.internal.invokers.MethodRunner.runInSequence(MethodRunner.java:76)
at org.testng.internal.invokers.TestInvoker$MethodInvocationAgent.invoke(TestInvoker.java:995)
at org.testng.internal.invokers.TestInvoker.invokeTestMethods(TestInvoker.java:203)
at org.testng.internal.invokers.TestMethodWorker.invokeTestMethods(TestMethodWorker.java:154)
at org.testng.internal.invokers.TestMethodWorker.run(TestMethodWorker.java:134)
at java.base/java.util.ArrayList.forEach(ArrayList.java:1604)
at org.testng.TestRunner.privateRun(TestRunner.java:741)
at org.testng.TestRunner.run(TestRunner.java:616)
at org.testng.SuiteRunner.runTest(SuiteRunner.java:421)
at org.testng.SuiteRunner.runSequentially(SuiteRunner.java:413)
at org.testng.SuiteRunner.privateRun(SuiteRunner.java:373)
at org.testng.SuiteRunner.run(SuiteRunner.java:312)
at org.testng.SuiteRunnerWorker.runSuite(SuiteRunnerWorker.java:52)
at org.testng.SuiteRunnerWorker.run(SuiteRunnerWorker.java:95)
at org.testng.TestNG.runSuitesSequentially(TestNG.java:1274)
at org.testng.TestNG.runSuitesLocally(TestNG.java:1208)
at org.testng.TestNG.runSuites(TestNG.java:1112)
at org.testng.TestNG.run(TestNG.java:1079)
at org.testng.remote.AbstractRemoteTestNG.run(AbstractRemoteTestNG.java:115)
at org.testng.remote.RemoteTestNG.initAndRun(RemoteTestNG.java:293)
at org.testng.remote.RemoteTestNG.main(RemoteTestNG.java:91)
]]>
            </full-stacktrace>
          </exception> <!-- java.lang.AssertionError -->
          <reporter-output>
          </reporter-output>
        </test-method> <!-- productErrorValidation -->
        <test-method is-config="true" signature="tearDown()[pri:0, instance:dikshasinha.tests.ErrorValidationTest@5b38c1ec]" started-at="2026-04-15T22:12:23 IST" name="tearDown" finished-at="2026-04-15T22:12:23 IST" duration-ms="69" status="PASS">
          <reporter-output>
          </reporter-output>
        </test-method> <!-- tearDown -->
      </class> <!-- dikshasinha.tests.ErrorValidationTest -->
    </test> <!-- Error validations Test -->
  </suite> <!-- Suite -->
</testng-results>
