<?xml version="1.0" encoding="UTF-8"?>
<!-- Generated by org.testng.reporters.JUnitReportReporter -->
<testsuite hostname="Dikshas-MacBook-Air.local" failures="0" tests="3" name="dikshasinha.tests.SubmitOrderTest" time="19.470" errors="0" timestamp="2026-04-15T22:12:23 IST" skipped="0">
  <testcase classname="dikshasinha.tests.SubmitOrderTest" name="loginAndaddtoCart" time="8.651"/>
  <testcase classname="dikshasinha.tests.SubmitOrderTest" name="orderHistoryTest" time="2.255"/>
  <testcase classname="dikshasinha.tests.SubmitOrderTest" name="loginAndaddtoCart" time="8.564"/>
</testsuite> <!-- dikshasinha.tests.SubmitOrderTest -->
