<?xml version="1.0" encoding="UTF-8"?>
<!-- Generated by org.testng.reporters.JUnitReportReporter -->
<testsuite hostname="Dikshas-MacBook-Air.local" failures="0" tests="3" name="dikshasinha.tests.SubmitOrderTest" time="35.336" errors="0" timestamp="2026-04-16T21:57:13 IST" skipped="0">
  <testcase classname="dikshasinha.tests.SubmitOrderTest" name="loginAndaddtoCart" time="14.546"/>
  <testcase classname="dikshasinha.tests.SubmitOrderTest" name="orderHistoryTest" time="9.082"/>
  <testcase classname="dikshasinha.tests.SubmitOrderTest" name="loginAndaddtoCart" time="11.708"/>
</testsuite> <!-- dikshasinha.tests.SubmitOrderTest -->
